/**************************************************
  Coppermine 1.5.x Plugin - Geo IP Lookup (geoip)
  *************************************************
  Copyright (c) 2010 Joachim Müller
  *************************************************
  This program is free software; you can redistribute it and/or modify
  it under the terms of the GNU General Public License as published by
  the Free Software Foundation; either version 3 of the License, or
  (at your option) any later version.
  ********************************************
  $HeadURL$
  $Revision$
  $LastChangedBy$
  $Date$
  **************************************************/

Changelog
=========
[A] = Added new feature
[B] = Bugfix (fix something that wasn't working as expected)
[C] = Cosmetical fix (layout, typo etc.)
[D] = Documentation improvements
[M] = Maintenance works
[O] = Optimization of code
[S] = Security fix (issues that are related to security)
*********************************************

2010-05-07 [A] Added German language file {GauGau}
2010-05-07 [A] Updated Spanish language file {GauGau}
2010-05-07 [A] Added support for lookup on city scope {GauGau}
2010-05-07 [A] Added config screen {GauGau}
2010-05-06 [A] Added i18n {GauGau}
2010-05-04 [M] Initial creation of plugin {GauGau}