/**************************************************
  Coppermine 1.5.x theme - classic_vstrip
  *************************************************
  Copyright (c) Coppermine dev team
  *************************************************
  This program is free software; you can redistribute it and/or modify
  it under the terms of the GNU General Public License as published by
  the Free Software Foundation; either version 3 of the License, or
  (at your option) any later version.
  ********************************************
  $HeadURL: https://coppermine.svn.sourceforge.net/svnroot/coppermine/branches/cpg1.5.x/plugins/album_fav_boxes/changelog.txt $
  $Revision: 7125 $
  $LastChangedBy: gaugau $
  $Date: 2010-01-25 18:03:41 +0100 (Mo, 25. Jan 2010) $
  **************************************************/
Changelog
=========
[A] = Added new feature
[B] = Bugfix (fix something that wasn't working as expected)
[C] = Cosmetical fix (layout, typo etc.)
[D] = Documentation improvements
[M] = Maintenance works
[O] = Optimization of code
[S] = Security fix (issues that are related to security)
*********************************************

2010-06-10 [C] Fixed wrapping of some buttons {Timo}
2010-06-08 [B] Reference to csshover3.htc of curve theme {Timo}
2010-03-26 [M] Added changelog {GauGau}
2010-03-26 [M] Added theme to SVN repository {GauGau}